#
# A fatal error has been detected by the Java Runtime Environment:
#
#  EXCEPTION_ACCESS_VIOLATION (0xc0000005) at pc=0x00007ffcbac526c4, pid=10968, tid=19276
#
# JRE version: OpenJDK Runtime Environment (25.0+36) (build 25+36-3489)
# Java VM: OpenJDK 64-Bit Server VM (25+36-3489, mixed mode, sharing, tiered, compressed oops, compressed class ptrs, g1 gc, windows-amd64)
# Problematic frame:
# C  [libasyncProfiler.dll+0x926c4]
#
# No core dump will be written. Minidumps are not enabled by default on client versions of Windows
#
# JFR recording file will be written. Location: C:\Users\mataules\IdeaProjects\semana2cucumber\hs_err_pid10968.jfr
#
# If you would like to submit a bug report, please visit:
#   https://bugreport.java.com/bugreport/crash.jsp
# The crash happened outside the Java Virtual Machine in native code.
# See problematic frame for where to report the bug.
#

---------------  S U M M A R Y ------------

Command Line: -javaagent:C:\Users\mataules\AppData\Local\JetBrains\IntelliJIdea2025.1\captureAgent\debugger-agent.jar=file:///C:/Users/mataules/AppData/Local/Temp/capture18353821932421120860.props -ea --enable-preview -DnodeNamesHandler=org.jetbrains.plugins.cucumber.java.run.CucumberTestTreeNodeManager -Didea.test.cyclic.buffer.size=1048576 -javaagent:C:\Program Files\JetBrains\IntelliJ IDEA 2025.1.2\lib\idea_rt.jar=56089 -Dkotlinx.coroutines.debug.enable.creation.stack.trace=false -Ddebugger.agent.enable.coroutines=true -Dkotlinx.coroutines.debug.enable.flows.stack.trace=true -Dkotlinx.coroutines.debug.enable.mutable.state.flows.stack.trace=true -agentpath:C:\Users\mataules\AppData\Local\Temp\idea_libasyncProfiler_dll_temp_folder\libasyncProfiler.dll=start,jfr,event=wall,interval=10ms,jfrsync=profile,cstack=no,file=C:\Users\mataules\IdeaSnapshots\RunCucumberTest__1__2025_09_25_082527.jfr,dbghelppath=C:\Users\mataules\AppData\Local\Temp\idea_dbghelp_dll_temp_folder\dbghelp.dll,log=C:\Users\mataules\AppData\Local\Temp\RunCucumberTest__1__2025_09_25_082527.jfr.log.txt,logLevel=DEBUG -Dfile.encoding=UTF-8 -Dsun.stdout.encoding=UTF-8 -Dsun.stderr.encoding=UTF-8 com.intellij.rt.junit.JUnitStarter -ideVersion5 -junit4 runners.RunCucumberTest

Host: Intel(R) Core(TM) i5-10400 CPU @ 2.90GHz, 12 cores, 15G,  Windows 11 , 64 bit Build 26100 (10.0.26100.3912)
Time: Thu Sep 25 08:25:28 2025 Hora de verano romance elapsed time: 0.602735 seconds (0d 0h 0m 0s)

---------------  T H R E A D  ---------------

Current thread (0x0000024ce318e5e0):  JavaThread "main"             [_thread_in_native, id=19276, stack(0x0000007a03a00000,0x0000007a03b00000) (1024K)]

Stack: [0x0000007a03a00000,0x0000007a03b00000],  sp=0x0000007a03afe5d0,  free space=1017k
Native frames: (J=compiled Java code, j=interpreted, Vv=VM code, C=native code)
C  [libasyncProfiler.dll+0x926c4]  (no source info available)
C  [libasyncProfiler.dll+0x92b9b]  (no source info available)
C  [libasyncProfiler.dll+0x917f4]  (no source info available)
C  [libasyncProfiler.dll+0x9206a]  (no source info available)
C  [libasyncProfiler.dll+0x8cc21]  (no source info available)
C  [libasyncProfiler.dll+0x7e5e1]  (no source info available)
C  [libasyncProfiler.dll+0x7d2f8]  (no source info available)
C  [libasyncProfiler.dll+0x7d1e0]  (no source info available)
C  [libasyncProfiler.dll+0x832fc]  (no source info available)
V  [jvm.dll+0x64ad5e]  (no source info available)
V  [jvm.dll+0x91078d]  (no source info available)
V  [jvm.dll+0x4f9001]  (no source info available)
V  [jvm.dll+0x4fa891]  (no source info available)
C  [jli.dll+0x543e]  (no source info available)
C  [ucrtbase.dll+0x37b0]  (no source info available)
C  [KERNEL32.DLL+0x2e8d7]  (no source info available)
C  [ntdll.dll+0x9c5dc]  (no source info available)


siginfo: EXCEPTION_ACCESS_VIOLATION (0xc0000005), reading address 0xffffffffffffffff


Registers:
RAX=0x0000000000000010, RBX=0x0000000000000000, RCX=0xffffffffffffffff, RDX=0x007ffc5eb6652010
RSP=0x0000007a03afe5d0, RBP=0x0000024c844062a0, RSI=0x0000007a03afe740, RDI=0x0000024c844062a0
R8 =0x0000000000000042, R9 =0x0000000712a01eb8, R10=0x00007ffc5edef340, R11=0x0000000000000004
R12=0x0000007a03afe740, R13=0x0000024ce30d5e90, R14=0x0000024ce318ea28, R15=0x0000024ce318ea28
RIP=0x00007ffcbac526c4, EFLAGS=0x0000000000010202

XMM[0]=0x0000000000000000 0x0000000000000000
XMM[1]=0x0000000000000000 0x0000000000000000
XMM[2]=0x0000000000000000 0x0000000000000000
XMM[3]=0x0000000000000000 0x0000000000000000
XMM[4]=0x0000000000000000 0x0000000000000000
XMM[5]=0x0000000000000000 0x0000000000000000
XMM[6]=0x0000000000000000 0x0000000000000000
XMM[7]=0x0000000000000000 0x0000000000000000
XMM[8]=0x0000000000000000 0x0000000000000000
XMM[9]=0x0000000000000000 0x0000000000000000
XMM[10]=0x0000000000000000 0x0000000000000000
XMM[11]=0x0000000000000000 0x0000000000000000
XMM[12]=0x0000000000000000 0x0000000000000000
XMM[13]=0x0000000000000000 0x0000000000000000
XMM[14]=0x0000000000000000 0x0000000000000000
XMM[15]=0x0000000000000000 0x0000000000000000
  MXCSR=0x00001fa0


Register to memory mapping:

RAX=0x0000000000000010 is an unknown value
RBX=0x0 is null
RCX=0xffffffffffffffff is an unknown value
RDX=0x007ffc5eb6652010 is an unknown value
RSP=0x0000007a03afe5d0 is pointing into the stack for thread: 0x0000024ce318e5e0
RBP=0x0000024c844062a0 points into unknown readable memory: 0x0000000712a01eb8 | b8 1e a0 12 07 00 00 00
RSI=0x0000007a03afe740 is pointing into the stack for thread: 0x0000024ce318e5e0
RDI=0x0000024c844062a0 points into unknown readable memory: 0x0000000712a01eb8 | b8 1e a0 12 07 00 00 00
R8 =0x0000000000000042 is an unknown value
R9 =0x0000000712a01eb8 is an oop: java.lang.Thread 
{0x0000000712a01eb8} - klass: 'java/lang/Thread' - flags: 

 - ---- fields (total size 14 words):
 - 'threadLocalRandomProbe' 'I' @12  0 (0x00000000)
 - private volatile 'eetop' 'J' @16  2529250829792 (0x0000024ce318e5e0)
 - private final 'tid' 'J' @24  3 (0x0000000000000003)
 - 'threadLocalRandomSeed' 'J' @32  0 (0x0000000000000000)
 - injected 'jvmti_thread_state' 'J' @40  2527657333216 (0x0000024c841e11e0)
 - 'threadLocalRandomSecondarySeed' 'I' @48  0 (0x00000000)
 - injected 'jvmti_VTMS_transition_disable_count' 'I' @52  0 (0x00000000)
 - injected 'jfr_epoch' 'S' @56  0 (0x0000)
 - volatile 'interrupted' 'Z' @58  false (0x00)
 - injected 'jvmti_is_in_VTMS_transition' 'Z' @59  false (0x00)
 - private volatile 'name' 'Ljava/lang/String;' @60  "main"{0x0000000712a01f28} (0xe25403e5)
 - private volatile 'contextClassLoader' 'Ljava/lang/ClassLoader;' @64  a 'jdk/internal/loader/ClassLoaders$AppClassLoader'{0x0000000712a19bb0} (0xe2543376)
 - private final 'holder' 'Ljava/lang/Thread$FieldHolder;' @68  a 'java/lang/Thread$FieldHolder'{0x0000000712a01f68} (0xe25403ed)
 - private 'threadLocals' 'Ljava/lang/ThreadLocal$ThreadLocalMap;' @72  a 'java/lang/ThreadLocal$ThreadLocalMap'{0x00000007126ffa00} (0xe24dff40)
 - private 'inheritableThreadLocals' 'Ljava/lang/ThreadLocal$ThreadLocalMap;' @76  null (0x00000000)
 - private 'scopedValueBindings' 'Ljava/lang/Object;' @80  a 'java/lang/Class'{0x00000007ffe7f180} = 'java/lang/Thread' (0xfffcfe30)
 - final 'interruptLock' 'Ljava/lang/Object;' @84  a 'java/lang/Object'{0x0000000712a01f58} (0xe25403eb)
 - private volatile 'parkBlocker' 'Ljava/lang/Object;' @88  null (0x00000000)
 - private 'nioBlocker' 'Lsun/nio/ch/Interruptible;' @92  null (0x00000000)
 - private 'cont' 'Ljdk/internal/vm/Continuation;' @96  null (0x00000000)
 - private volatile 'uncaughtExceptionHandler' 'Ljava/lang/Thread$UncaughtExceptionHandler;' @100  null (0x00000000)
 - private 'container' 'Ljdk/internal/vm/ThreadContainer;' @104  null (0x00000000)
 - private volatile 'headStackableScopes' 'Ljdk/internal/vm/StackableScope;' @108  null (0x00000000)
R10=0x00007ffc5edef340 jvm.dll
R11=0x0000000000000004 is an unknown value
R12=0x0000007a03afe740 is pointing into the stack for thread: 0x0000024ce318e5e0
R13=0x0000024ce30d5e90 points into unknown readable memory: 0x00007ffc5ed5fbc0 | c0 fb d5 5e fc 7f 00 00
R14=0x0000024ce318ea28 points into unknown readable memory: 0x00007ffc5ed56b50 | 50 6b d5 5e fc 7f 00 00
R15=0x0000024ce318ea28 points into unknown readable memory: 0x00007ffc5ed56b50 | 50 6b d5 5e fc 7f 00 00

Top of Stack: (sp=0x0000007a03afe5d0)
0x0000007a03afe5d0:   0000007a03afe740 0000024c844062a0   @...z....b@.L...
0x0000007a03afe5e0:   0000000000000000 0000024ce1752198   .........!u.L...
0x0000007a03afe5f0:   000000000000001b 00007ffcbac52b9b   .........+......
0x0000007a03afe600:   0000000000000000 0000024ce318ea28   ........(...L...
0x0000007a03afe610:   0000007a03afe701 0000000000000000   ....z...........
0x0000007a03afe620:   0000024c8a305e40 00007ffcbac517f4   @^0.L...........
0x0000007a03afe630:   0000000000000000 000000000000001b   ................
0x0000007a03afe640:   0000000000000000 000000000000001b   ................
0x0000007a03afe650:   0000000a00000002 0000024c8a391290   ..........9.L...
0x0000007a03afe660:   0000024c8a305e40 0000024c8a305eac   @^0.L....^0.L...
0x0000007a03afe670:   0000024c8a305eb0 0000000000005744   .^0.L...DW......
0x0000007a03afe680:   0000000000000000 0000000000000000   ................
0x0000007a03afe690:   0000000000000000 00007ffc5e557134   ........4qU^....
0x0000007a03afe6a0:   00007ffcbad94ca0 0000000000002ad8   .L.......*......
0x0000007a03afe6b0:   00007ffcbad94ca0 00000000ffffffff   .L..............
0x0000007a03afe6c0:   0000000000000000 00007ffcbac5206a   ........j ......
0x0000007a03afe6d0:   0000024ce318ea28 0000000000000000   (...L...........
0x0000007a03afe6e0:   0000007a03afe749 0000024ce30d5e90   I...z....^..L...
0x0000007a03afe6f0:   0000024c84d8d040 0000024ce1720000   @...L.....r.L...
0x0000007a03afe700:   0000024c84d8d040 00007ffd0fa09fc9   @...L...........
0x0000007a03afe710:   0000024ce318ea28 00007ffcbad94ca0   (...L....L......
0x0000007a03afe720:   00007ffcbad3f0d8 00007ffcbad3f0c8   ................
0x0000007a03afe730:   0000000000000000 0000024ce318ea28   ........(...L...
0x0000007a03afe740:   0000024c8a2fbdc0 0000024c8a2fc120   ../.L... ./.L...
0x0000007a03afe750:   0000024c8a2fc120 00007ffcbad94ca0    ./.L....L......
0x0000007a03afe760:   0000024ce30eb1c8 0000007a03afe8d8   ....L.......z...
0x0000007a03afe770:   0000007a03afea10 0000000000008840   ....z...@.......
0x0000007a03afe780:   00007ffcbad87080 00007ffcbad94cf0   .p.......L......
0x0000007a03afe790:   0000000000989680 0000000000989680   ................
0x0000007a03afe7a0:   0000007a03afe8b0 00007ffcbac4cc21   ....z...!.......
0x0000007a03afe7b0:   00007ffcbad94ca0 00007ffcbad94cf8   .L.......L......
0x0000007a03afe7c0:   00007ffc00000000 003f447b00000001   ............{D?.

Instructions: (pc=0x00007ffcbac526c4)
  0x00007ffcbac525c4:   cc cc cc cc cc cc cc cc cc cc cc cc cc cc cc cc
  0x00007ffcbac525d4:   cc cc cc cc cc cc cc cc cc cc cc cc cc cc cc cc
  0x00007ffcbac525e4:   cc cc cc cc cc cc cc cc cc cc cc cc cc cc cc cc
  0x00007ffcbac525f4:   cc cc cc cc cc cc cc cc cc cc cc cc cc cc cc cc
  0x00007ffcbac52604:   cc cc cc cc cc cc cc cc cc cc cc cc cc cc cc cc
  0x00007ffcbac52614:   cc cc cc cc cc cc cc cc cc cc cc cc cc cc cc cc
  0x00007ffcbac52624:   cc cc cc cc cc cc cc cc cc cc cc cc cc cc cc cc
  0x00007ffcbac52634:   cc cc cc cc cc cc cc cc cc cc cc cc cc cc cc cc
  0x00007ffcbac52644:   cc cc cc cc cc cc cc cc cc cc cc cc 40 57 48 83
  0x00007ffcbac52654:   ec 20 48 8b f9 48 8b 0d 10 28 14 00 48 85 c9 74
  0x00007ffcbac52664:   20 48 8b 01 48 8d 54 24 38 41 b8 06 00 01 00 4c
  0x00007ffcbac52674:   8b 48 30 41 ff d1 85 c0 75 07 48 8b 4c 24 38 eb
  0x00007ffcbac52684:   02 33 c9 4c 8b 05 ea 28 14 00 48 89 5c 24 30 4d
  0x00007ffcbac52694:   85 c0 74 4a 48 8b 01 48 8b d7 4c 8b 88 28 03 00
  0x00007ffcbac526a4:   00 41 ff d1 48 85 c0 74 35 48 63 0d f8 e6 13 00
  0x00007ffcbac526b4:   48 8b 14 01 48 85 d2 74 15 48 63 05 fc e6 13 00
=>0x00007ffcbac526c4:   8b 04 10 48 8b 5c 24 30 48 83 c4 20 5f c3 b8 ff
  0x00007ffcbac526d4:   ff ff ff 48 8b 5c 24 30 48 83 c4 20 5f c3 80 3d
  0x00007ffcbac526e4:   9b 27 14 00 00 bb ff ff ff ff 74 20 4c 8b 0d 31
  0x00007ffcbac526f4:   24 14 00 4c 8d 44 24 38 48 8b 0d 15 24 14 00 48
  0x00007ffcbac52704:   8b d7 41 ff d1 85 c0 0f 44 5c 24 38 8b c3 48 8b
  0x00007ffcbac52714:   5c 24 30 48 83 c4 20 5f c3 cc cc cc cc cc cc cc
  0x00007ffcbac52724:   cc cc cc cc cc cc cc cc cc cc cc cc cc cc cc cc
  0x00007ffcbac52734:   cc cc cc cc cc cc cc cc cc cc cc cc cc cc cc cc
  0x00007ffcbac52744:   cc cc cc cc cc cc cc cc cc cc cc cc 48 89 54 24
  0x00007ffcbac52754:   10 53 55 56 57 41 56 41 57 48 83 ec 28 48 8b f2
  0x00007ffcbac52764:   4c 8b f1 48 89 4c 24 78 45 33 ff 44 89 7c 24 68
  0x00007ffcbac52774:   c7 44 24 60 01 00 00 00 48 8d 4c 24 68 e8 ed 42
  0x00007ffcbac52784:   f7 ff 8b d8 48 8d 4c 24 60 e8 e1 42 f7 ff 8b e8
  0x00007ffcbac52794:   49 8b ce e8 00 fc f6 ff 48 8b f8 90 8b c3 f0 0f
  0x00007ffcbac527a4:   b1 2f 74 04 f3 90 eb f4 4c 89 3e 4c 89 7e 08 4c
  0x00007ffcbac527b4:   89 7e 10 49 8b 6e 08 4d 8b 76 10 49 3b ee 0f 84


Stack slot to memory mapping:

stack at sp + 0 slots: 0x0000007a03afe740 is pointing into the stack for thread: 0x0000024ce318e5e0
stack at sp + 1 slots: 0x0000024c844062a0 points into unknown readable memory: 0x0000000712a01eb8 | b8 1e a0 12 07 00 00 00
stack at sp + 2 slots: 0x0 is null
stack at sp + 3 slots: 0x0000024ce1752198 points into unknown readable memory: 0x6e616c2e6176616a | 6a 61 76 61 2e 6c 61 6e
stack at sp + 4 slots: 0x000000000000001b is an unknown value
stack at sp + 5 slots: 0x00007ffcbac52b9b libasyncProfiler.dll
stack at sp + 6 slots: 0x0 is null
stack at sp + 7 slots: 0x0000024ce318ea28 points into unknown readable memory: 0x00007ffc5ed56b50 | 50 6b d5 5e fc 7f 00 00

Lock stack of current Java thread (top to bottom):


---------------  P R O C E S S  ---------------

Threads class SMR info:
_java_thread_list=0x0000024c8a733200, length=16, elements={
0x0000024ce318e5e0, 0x0000024c84101dd0, 0x0000024c84102830, 0x0000024c84106f80,
0x0000024c8410a530, 0x0000024c84112a40, 0x0000024c84116b40, 0x0000024c8411d540,
0x0000024c84129f40, 0x0000024c8433d620, 0x0000024c845f3380, 0x0000024c846db310,
0x0000024c84128f20, 0x0000024c8a1d89d0, 0x0000024c8412dfc0, 0x0000024c8a414c30
}

Java Threads: ( => current thread )
=>0x0000024ce318e5e0 JavaThread "main"                              [_thread_in_native, id=19276, stack(0x0000007a03a00000,0x0000007a03b00000) (1024K)]
  0x0000024c84101dd0 JavaThread "Reference Handler"          daemon [_thread_blocked, id=2412, stack(0x0000007a04200000,0x0000007a04300000) (1024K)]
  0x0000024c84102830 JavaThread "Finalizer"                  daemon [_thread_blocked, id=21416, stack(0x0000007a04300000,0x0000007a04400000) (1024K)]
  0x0000024c84106f80 JavaThread "Signal Dispatcher"          daemon [_thread_blocked, id=11044, stack(0x0000007a04400000,0x0000007a04500000) (1024K)]
  0x0000024c8410a530 JavaThread "Attach Listener"            daemon [_thread_blocked, id=21520, stack(0x0000007a04500000,0x0000007a04600000) (1024K)]
  0x0000024c84112a40 JavaThread "Service Thread"             daemon [_thread_blocked, id=13020, stack(0x0000007a04600000,0x0000007a04700000) (1024K)]
  0x0000024c84116b40 JavaThread "Monitor Deflation Thread"   daemon [_thread_blocked, id=15404, stack(0x0000007a04700000,0x0000007a04800000) (1024K)]
  0x0000024c8411d540 JavaThread "C2 CompilerThread0"         daemon [_thread_blocked, id=19684, stack(0x0000007a04800000,0x0000007a04900000) (1024K)]
  0x0000024c84129f40 JavaThread "C1 CompilerThread0"         daemon [_thread_blocked, id=7852, stack(0x0000007a04900000,0x0000007a04a00000) (1024K)]
  0x0000024c8433d620 JavaThread "Common-Cleaner"             daemon [_thread_blocked, id=5104, stack(0x0000007a04a00000,0x0000007a04b00000) (1024K)]
  0x0000024c845f3380 JavaThread "IntelliJ Suspend Helper"    daemon [_thread_blocked, id=20096, stack(0x0000007a04b00000,0x0000007a04c00000) (1024K)]
  0x0000024c846db310 JavaThread "Monitor Ctrl-Break"         daemon [_thread_in_native, id=4116, stack(0x0000007a04c00000,0x0000007a04d00000) (1024K)]
  0x0000024c84128f20 JavaThread "C2 CompilerThread1"         daemon [_thread_blocked, id=19352, stack(0x0000007a04d00000,0x0000007a04e00000) (1024K)]
  0x0000024c8a1d89d0 JavaThread "JFR Recorder Thread"        daemon [_thread_in_native, id=10160, stack(0x0000007a04e00000,0x0000007a04f00000) (1024K)]
  0x0000024c8412dfc0 JavaThread "C2 CompilerThread2"         daemon [_thread_blocked, id=13164, stack(0x0000007a04f00000,0x0000007a05000000) (1024K)]
  0x0000024c8a414c30 JavaThread "JFR Periodic Tasks"         daemon [_thread_blocked, id=22340, stack(0x0000007a05000000,0x0000007a05100000) (1024K)]
Total: 16

Other Threads:
  0x0000024c840ed480 VMThread "VM Thread"                           [id=4716, stack(0x0000007a04100000,0x0000007a04200000) (1024K)]
  0x0000024cec7b5680 WatcherThread "VM Periodic Task Thread"        [id=16136, stack(0x0000007a04000000,0x0000007a04100000) (1024K)]
  0x0000024cec72e2c0 WorkerThread "GC Thread#0"                     [id=20408, stack(0x0000007a03b00000,0x0000007a03c00000) (1024K)]
  0x0000024cec746f30 ConcurrentGCThread "G1 Main Marker"            [id=19152, stack(0x0000007a03c00000,0x0000007a03d00000) (1024K)]
  0x0000024cec748be0 WorkerThread "G1 Conc#0"                       [id=11648, stack(0x0000007a03d00000,0x0000007a03e00000) (1024K)]
  0x0000024cec7a6210 ConcurrentGCThread "G1 Refine#0"               [id=10148, stack(0x0000007a03e00000,0x0000007a03f00000) (1024K)]
  0x0000024cec7a8e30 ConcurrentGCThread "G1 Service"                [id=11556, stack(0x0000007a03f00000,0x0000007a04000000) (1024K)]
Total: 7

Threads with active compile tasks:
Total: 0

VM state: not at safepoint (normal execution)

VM Mutex/Monitor currently owned by a thread: None

Heap address: 0x0000000702e00000, size: 4050 MB, Compressed Oops mode: Zero based, Oop shift amount: 3

CDS archive(s) mapped at: [0x000000008b000000-0x000000008bdd0000-0x000000008bdd0000), size 14483456, SharedBaseAddress: 0x000000008b000000, ArchiveRelocationMode: 1.
Compressed class space mapped at: 0x000000008c000000-0x00000000cc000000, reserved size: 1073741824
UseCompressedClassPointers 1, UseCompactObjectHeaders 0
Narrow klass pointer bits 32, Max shift 3
Narrow klass base: 0x000000008b000000, Narrow klass shift: 0
Encoding Range: [0x000000008b000000 - 0x000000018b000000), (4294967296 bytes)
Klass Range:    [0x000000008b010000 - 0x00000000cc000000), (1090453504 bytes)
Klass ID Range:  [65536 - 1090519033) (1090453497)
Protection zone: [0x000000008b000000 - 0x000000008b010000), (65536 bytes)

GC Precious Log:
 CardTable entry size: 512
 Card Set container configuration: InlinePtr #cards 4 size 8 Array Of Cards #cards 16 size 48 Howl #buckets 8 coarsen threshold 3686 Howl Bitmap #cards 512 size 80 coarsen threshold 460 Card regions per heap region 1 cards per card region 4096
 CPUs: 12 total, 12 available
 Memory: 16196M
 Large Page Support: Disabled
 NUMA Support: Disabled
 Compressed Oops: Enabled (Zero based)
 Heap Region Size: 2M
 Heap Min Capacity: 8M
 Heap Initial Capacity: 254M
 Heap Max Capacity: 4050M
 Pre-touch: Disabled
 Parallel Workers: 10
 Concurrent Workers: 3
 Concurrent Refinement Workers: 10
 Periodic GC: Disabled

Heap:
 garbage-first heap   total reserved 4147200K, committed 262144K, used 23699K [0x0000000702e00000, 0x0000000800000000)
  region size 2048K, 12 young (24576K), 0 survivors (0K)

Heap Regions: E=young(eden), S=young(survivor), O=old, HS=humongous(starts), HC=humongous(continues), CS=collection set, F=free, TAMS=top-at-mark-start, PB=parsable bottom
|   0|0x0000000702e00000, 0x0000000702e00000, 0x0000000703000000|  0%| F|  |TAMS 0x0000000702e00000| PB 0x0000000702e00000| Untracked |  0
|   1|0x0000000703000000, 0x0000000703000000, 0x0000000703200000|  0%| F|  |TAMS 0x0000000703000000| PB 0x0000000703000000| Untracked |  0
|   2|0x0000000703200000, 0x0000000703200000, 0x0000000703400000|  0%| F|  |TAMS 0x0000000703200000| PB 0x0000000703200000| Untracked |  0
|   3|0x0000000703400000, 0x0000000703400000, 0x0000000703600000|  0%| F|  |TAMS 0x0000000703400000| PB 0x0000000703400000| Untracked |  0
|   4|0x0000000703600000, 0x0000000703600000, 0x0000000703800000|  0%| F|  |TAMS 0x0000000703600000| PB 0x0000000703600000| Untracked |  0
|   5|0x0000000703800000, 0x0000000703800000, 0x0000000703a00000|  0%| F|  |TAMS 0x0000000703800000| PB 0x0000000703800000| Untracked |  0
|   6|0x0000000703a00000, 0x0000000703a00000, 0x0000000703c00000|  0%| F|  |TAMS 0x0000000703a00000| PB 0x0000000703a00000| Untracked |  0
|   7|0x0000000703c00000, 0x0000000703c00000, 0x0000000703e00000|  0%| F|  |TAMS 0x0000000703c00000| PB 0x0000000703c00000| Untracked |  0
|   8|0x0000000703e00000, 0x0000000703e00000, 0x0000000704000000|  0%| F|  |TAMS 0x0000000703e00000| PB 0x0000000703e00000| Untracked |  0
|   9|0x0000000704000000, 0x0000000704000000, 0x0000000704200000|  0%| F|  |TAMS 0x0000000704000000| PB 0x0000000704000000| Untracked |  0
|  10|0x0000000704200000, 0x0000000704200000, 0x0000000704400000|  0%| F|  |TAMS 0x0000000704200000| PB 0x0000000704200000| Untracked |  0
|  11|0x0000000704400000, 0x0000000704400000, 0x0000000704600000|  0%| F|  |TAMS 0x0000000704400000| PB 0x0000000704400000| Untracked |  0
|  12|0x0000000704600000, 0x0000000704600000, 0x0000000704800000|  0%| F|  |TAMS 0x0000000704600000| PB 0x0000000704600000| Untracked |  0
|  13|0x0000000704800000, 0x0000000704800000, 0x0000000704a00000|  0%| F|  |TAMS 0x0000000704800000| PB 0x0000000704800000| Untracked |  0
|  14|0x0000000704a00000, 0x0000000704a00000, 0x0000000704c00000|  0%| F|  |TAMS 0x0000000704a00000| PB 0x0000000704a00000| Untracked |  0
|  15|0x0000000704c00000, 0x0000000704c00000, 0x0000000704e00000|  0%| F|  |TAMS 0x0000000704c00000| PB 0x0000000704c00000| Untracked |  0
|  16|0x0000000704e00000, 0x0000000704e00000, 0x0000000705000000|  0%| F|  |TAMS 0x0000000704e00000| PB 0x0000000704e00000| Untracked |  0
|  17|0x0000000705000000, 0x0000000705000000, 0x0000000705200000|  0%| F|  |TAMS 0x0000000705000000| PB 0x0000000705000000| Untracked |  0
|  18|0x0000000705200000, 0x0000000705200000, 0x0000000705400000|  0%| F|  |TAMS 0x0000000705200000| PB 0x0000000705200000| Untracked |  0
|  19|0x0000000705400000, 0x0000000705400000, 0x0000000705600000|  0%| F|  |TAMS 0x0000000705400000| PB 0x0000000705400000| Untracked |  0
|  20|0x0000000705600000, 0x0000000705600000, 0x0000000705800000|  0%| F|  |TAMS 0x0000000705600000| PB 0x0000000705600000| Untracked |  0
|  21|0x0000000705800000, 0x0000000705800000, 0x0000000705a00000|  0%| F|  |TAMS 0x0000000705800000| PB 0x0000000705800000| Untracked |  0
|  22|0x0000000705a00000, 0x0000000705a00000, 0x0000000705c00000|  0%| F|  |TAMS 0x0000000705a00000| PB 0x0000000705a00000| Untracked |  0
|  23|0x0000000705c00000, 0x0000000705c00000, 0x0000000705e00000|  0%| F|  |TAMS 0x0000000705c00000| PB 0x0000000705c00000| Untracked |  0
|  24|0x0000000705e00000, 0x0000000705e00000, 0x0000000706000000|  0%| F|  |TAMS 0x0000000705e00000| PB 0x0000000705e00000| Untracked |  0
|  25|0x0000000706000000, 0x0000000706000000, 0x0000000706200000|  0%| F|  |TAMS 0x0000000706000000| PB 0x0000000706000000| Untracked |  0
|  26|0x0000000706200000, 0x0000000706200000, 0x0000000706400000|  0%| F|  |TAMS 0x0000000706200000| PB 0x0000000706200000| Untracked |  0
|  27|0x0000000706400000, 0x0000000706400000, 0x0000000706600000|  0%| F|  |TAMS 0x0000000706400000| PB 0x0000000706400000| Untracked |  0
|  28|0x0000000706600000, 0x0000000706600000, 0x0000000706800000|  0%| F|  |TAMS 0x0000000706600000| PB 0x0000000706600000| Untracked |  0
|  29|0x0000000706800000, 0x0000000706800000, 0x0000000706a00000|  0%| F|  |TAMS 0x0000000706800000| PB 0x0000000706800000| Untracked |  0
|  30|0x0000000706a00000, 0x0000000706a00000, 0x0000000706c00000|  0%| F|  |TAMS 0x0000000706a00000| PB 0x0000000706a00000| Untracked |  0
|  31|0x0000000706c00000, 0x0000000706c00000, 0x0000000706e00000|  0%| F|  |TAMS 0x0000000706c00000| PB 0x0000000706c00000| Untracked |  0
|  32|0x0000000706e00000, 0x0000000706e00000, 0x0000000707000000|  0%| F|  |TAMS 0x0000000706e00000| PB 0x0000000706e00000| Untracked |  0
|  33|0x0000000707000000, 0x0000000707000000, 0x0000000707200000|  0%| F|  |TAMS 0x0000000707000000| PB 0x0000000707000000| Untracked |  0
|  34|0x0000000707200000, 0x0000000707200000, 0x0000000707400000|  0%| F|  |TAMS 0x0000000707200000| PB 0x0000000707200000| Untracked |  0
|  35|0x0000000707400000, 0x0000000707400000, 0x0000000707600000|  0%| F|  |TAMS 0x0000000707400000| PB 0x0000000707400000| Untracked |  0
|  36|0x0000000707600000, 0x0000000707600000, 0x0000000707800000|  0%| F|  |TAMS 0x0000000707600000| PB 0x0000000707600000| Untracked |  0
|  37|0x0000000707800000, 0x0000000707800000, 0x0000000707a00000|  0%| F|  |TAMS 0x0000000707800000| PB 0x0000000707800000| Untracked |  0
|  38|0x0000000707a00000, 0x0000000707a00000, 0x0000000707c00000|  0%| F|  |TAMS 0x0000000707a00000| PB 0x0000000707a00000| Untracked |  0
|  39|0x0000000707c00000, 0x0000000707c00000, 0x0000000707e00000|  0%| F|  |TAMS 0x0000000707c00000| PB 0x0000000707c00000| Untracked |  0
|  40|0x0000000707e00000, 0x0000000707e00000, 0x0000000708000000|  0%| F|  |TAMS 0x0000000707e00000| PB 0x0000000707e00000| Untracked |  0
|  41|0x0000000708000000, 0x0000000708000000, 0x0000000708200000|  0%| F|  |TAMS 0x0000000708000000| PB 0x0000000708000000| Untracked |  0
|  42|0x0000000708200000, 0x0000000708200000, 0x0000000708400000|  0%| F|  |TAMS 0x0000000708200000| PB 0x0000000708200000| Untracked |  0
|  43|0x0000000708400000, 0x0000000708400000, 0x0000000708600000|  0%| F|  |TAMS 0x0000000708400000| PB 0x0000000708400000| Untracked |  0
|  44|0x0000000708600000, 0x0000000708600000, 0x0000000708800000|  0%| F|  |TAMS 0x0000000708600000| PB 0x0000000708600000| Untracked |  0
|  45|0x0000000708800000, 0x0000000708800000, 0x0000000708a00000|  0%| F|  |TAMS 0x0000000708800000| PB 0x0000000708800000| Untracked |  0
|  46|0x0000000708a00000, 0x0000000708a00000, 0x0000000708c00000|  0%| F|  |TAMS 0x0000000708a00000| PB 0x0000000708a00000| Untracked |  0
|  47|0x0000000708c00000, 0x0000000708c00000, 0x0000000708e00000|  0%| F|  |TAMS 0x0000000708c00000| PB 0x0000000708c00000| Untracked |  0
|  48|0x0000000708e00000, 0x0000000708e00000, 0x0000000709000000|  0%| F|  |TAMS 0x0000000708e00000| PB 0x0000000708e00000| Untracked |  0
|  49|0x0000000709000000, 0x0000000709000000, 0x0000000709200000|  0%| F|  |TAMS 0x0000000709000000| PB 0x0000000709000000| Untracked |  0
|  50|0x0000000709200000, 0x0000000709200000, 0x0000000709400000|  0%| F|  |TAMS 0x0000000709200000| PB 0x0000000709200000| Untracked |  0
|  51|0x0000000709400000, 0x0000000709400000, 0x0000000709600000|  0%| F|  |TAMS 0x0000000709400000| PB 0x0000000709400000| Untracked |  0
|  52|0x0000000709600000, 0x0000000709600000, 0x0000000709800000|  0%| F|  |TAMS 0x0000000709600000| PB 0x0000000709600000| Untracked |  0
|  53|0x0000000709800000, 0x0000000709800000, 0x0000000709a00000|  0%| F|  |TAMS 0x0000000709800000| PB 0x0000000709800000| Untracked |  0
|  54|0x0000000709a00000, 0x0000000709a00000, 0x0000000709c00000|  0%| F|  |TAMS 0x0000000709a00000| PB 0x0000000709a00000| Untracked |  0
|  55|0x0000000709c00000, 0x0000000709c00000, 0x0000000709e00000|  0%| F|  |TAMS 0x0000000709c00000| PB 0x0000000709c00000| Untracked |  0
|  56|0x0000000709e00000, 0x0000000709e00000, 0x000000070a000000|  0%| F|  |TAMS 0x0000000709e00000| PB 0x0000000709e00000| Untracked |  0
|  57|0x000000070a000000, 0x000000070a000000, 0x000000070a200000|  0%| F|  |TAMS 0x000000070a000000| PB 0x000000070a000000| Untracked |  0
|  58|0x000000070a200000, 0x000000070a200000, 0x000000070a400000|  0%| F|  |TAMS 0x000000070a200000| PB 0x000000070a200000| Untracked |  0
|  59|0x000000070a400000, 0x000000070a400000, 0x000000070a600000|  0%| F|  |TAMS 0x000000070a400000| PB 0x000000070a400000| Untracked |  0
|  60|0x000000070a600000, 0x000000070a600000, 0x000000070a800000|  0%| F|  |TAMS 0x000000070a600000| PB 0x000000070a600000| Untracked |  0
|  61|0x000000070a800000, 0x000000070a800000, 0x000000070aa00000|  0%| F|  |TAMS 0x000000070a800000| PB 0x000000070a800000| Untracked |  0
|  62|0x000000070aa00000, 0x000000070aa00000, 0x000000070ac00000|  0%| F|  |TAMS 0x000000070aa00000| PB 0x000000070aa00000| Untracked |  0
|  63|0x000000070ac00000, 0x000000070ac00000, 0x000000070ae00000|  0%| F|  |TAMS 0x000000070ac00000| PB 0x000000070ac00000| Untracked |  0
|  64|0x000000070ae00000, 0x000000070ae00000, 0x000000070b000000|  0%| F|  |TAMS 0x000000070ae00000| PB 0x000000070ae00000| Untracked |  0
|  65|0x000000070b000000, 0x000000070b000000, 0x000000070b200000|  0%| F|  |TAMS 0x000000070b000000| PB 0x000000070b000000| Untracked |  0
|  66|0x000000070b200000, 0x000000070b200000, 0x000000070b400000|  0%| F|  |TAMS 0x000000070b200000| PB 0x000000070b200000| Untracked |  0
|  67|0x000000070b400000, 0x000000070b400000, 0x000000070b600000|  0%| F|  |TAMS 0x000000070b400000| PB 0x000000070b400000| Untracked |  0
|  68|0x000000070b600000, 0x000000070b600000, 0x000000070b800000|  0%| F|  |TAMS 0x000000070b600000| PB 0x000000070b600000| Untracked |  0
|  69|0x000000070b800000, 0x000000070b800000, 0x000000070ba00000|  0%| F|  |TAMS 0x000000070b800000| PB 0x000000070b800000| Untracked |  0
|  70|0x000000070ba00000, 0x000000070ba00000, 0x000000070bc00000|  0%| F|  |TAMS 0x000000070ba00000| PB 0x000000070ba00000| Untracked |  0
|  71|0x000000070bc00000, 0x000000070bc00000, 0x000000070be00000|  0%| F|  |TAMS 0x000000070bc00000| PB 0x000000070bc00000| Untracked |  0
|  72|0x000000070be00000, 0x000000070be00000, 0x000000070c000000|  0%| F|  |TAMS 0x000000070be00000| PB 0x000000070be00000| Untracked |  0
|  73|0x000000070c000000, 0x000000070c000000, 0x000000070c200000|  0%| F|  |TAMS 0x000000070c000000| PB 0x000000070c000000| Untracked |  0
|  74|0x000000070c200000, 0x000000070c200000, 0x000000070c400000|  0%| F|  |TAMS 0x000000070c200000| PB 0x000000070c200000| Untracked |  0
|  75|0x000000070c400000, 0x000000070c400000, 0x000000070c600000|  0%| F|  |TAMS 0x000000070c400000| PB 0x000000070c400000| Untracked |  0
|  76|0x000000070c600000, 0x000000070c600000, 0x000000070c800000|  0%| F|  |TAMS 0x000000070c600000| PB 0x000000070c600000| Untracked |  0
|  77|0x000000070c800000, 0x000000070c800000, 0x000000070ca00000|  0%| F|  |TAMS 0x000000070c800000| PB 0x000000070c800000| Untracked |  0
|  78|0x000000070ca00000, 0x000000070ca00000, 0x000000070cc00000|  0%| F|  |TAMS 0x000000070ca00000| PB 0x000000070ca00000| Untracked |  0
|  79|0x000000070cc00000, 0x000000070cc00000, 0x000000070ce00000|  0%| F|  |TAMS 0x000000070cc00000| PB 0x000000070cc00000| Untracked |  0
|  80|0x000000070ce00000, 0x000000070ce00000, 0x000000070d000000|  0%| F|  |TAMS 0x000000070ce00000| PB 0x000000070ce00000| Untracked |  0
|  81|0x000000070d000000, 0x000000070d000000, 0x000000070d200000|  0%| F|  |TAMS 0x000000070d000000| PB 0x000000070d000000| Untracked |  0
|  82|0x000000070d200000, 0x000000070d200000, 0x000000070d400000|  0%| F|  |TAMS 0x000000070d200000| PB 0x000000070d200000| Untracked |  0
|  83|0x000000070d400000, 0x000000070d400000, 0x000000070d600000|  0%| F|  |TAMS 0x000000070d400000| PB 0x000000070d400000| Untracked |  0
|  84|0x000000070d600000, 0x000000070d600000, 0x000000070d800000|  0%| F|  |TAMS 0x000000070d600000| PB 0x000000070d600000| Untracked |  0
|  85|0x000000070d800000, 0x000000070d800000, 0x000000070da00000|  0%| F|  |TAMS 0x000000070d800000| PB 0x000000070d800000| Untracked |  0
|  86|0x000000070da00000, 0x000000070da00000, 0x000000070dc00000|  0%| F|  |TAMS 0x000000070da00000| PB 0x000000070da00000| Untracked |  0
|  87|0x000000070dc00000, 0x000000070dc00000, 0x000000070de00000|  0%| F|  |TAMS 0x000000070dc00000| PB 0x000000070dc00000| Untracked |  0
|  88|0x000000070de00000, 0x000000070de00000, 0x000000070e000000|  0%| F|  |TAMS 0x000000070de00000| PB 0x000000070de00000| Untracked |  0
|  89|0x000000070e000000, 0x000000070e000000, 0x000000070e200000|  0%| F|  |TAMS 0x000000070e000000| PB 0x000000070e000000| Untracked |  0
|  90|0x000000070e200000, 0x000000070e200000, 0x000000070e400000|  0%| F|  |TAMS 0x000000070e200000| PB 0x000000070e200000| Untracked |  0
|  91|0x000000070e400000, 0x000000070e400000, 0x000000070e600000|  0%| F|  |TAMS 0x000000070e400000| PB 0x000000070e400000| Untracked |  0
|  92|0x000000070e600000, 0x000000070e600000, 0x000000070e800000|  0%| F|  |TAMS 0x000000070e600000| PB 0x000000070e600000| Untracked |  0
|  93|0x000000070e800000, 0x000000070e800000, 0x000000070ea00000|  0%| F|  |TAMS 0x000000070e800000| PB 0x000000070e800000| Untracked |  0
|  94|0x000000070ea00000, 0x000000070ea00000, 0x000000070ec00000|  0%| F|  |TAMS 0x000000070ea00000| PB 0x000000070ea00000| Untracked |  0
|  95|0x000000070ec00000, 0x000000070ec00000, 0x000000070ee00000|  0%| F|  |TAMS 0x000000070ec00000| PB 0x000000070ec00000| Untracked |  0
|  96|0x000000070ee00000, 0x000000070ee00000, 0x000000070f000000|  0%| F|  |TAMS 0x000000070ee00000| PB 0x000000070ee00000| Untracked |  0
|  97|0x000000070f000000, 0x000000070f000000, 0x000000070f200000|  0%| F|  |TAMS 0x000000070f000000| PB 0x000000070f000000| Untracked |  0
|  98|0x000000070f200000, 0x000000070f200000, 0x000000070f400000|  0%| F|  |TAMS 0x000000070f200000| PB 0x000000070f200000| Untracked |  0
|  99|0x000000070f400000, 0x000000070f400000, 0x000000070f600000|  0%| F|  |TAMS 0x000000070f400000| PB 0x000000070f400000| Untracked |  0
| 100|0x000000070f600000, 0x000000070f600000, 0x000000070f800000|  0%| F|  |TAMS 0x000000070f600000| PB 0x000000070f600000| Untracked |  0
| 101|0x000000070f800000, 0x000000070f800000, 0x000000070fa00000|  0%| F|  |TAMS 0x000000070f800000| PB 0x000000070f800000| Untracked |  0
| 102|0x000000070fa00000, 0x000000070fa00000, 0x000000070fc00000|  0%| F|  |TAMS 0x000000070fa00000| PB 0x000000070fa00000| Untracked |  0
| 103|0x000000070fc00000, 0x000000070fc00000, 0x000000070fe00000|  0%| F|  |TAMS 0x000000070fc00000| PB 0x000000070fc00000| Untracked |  0
| 104|0x000000070fe00000, 0x000000070fe00000, 0x0000000710000000|  0%| F|  |TAMS 0x000000070fe00000| PB 0x000000070fe00000| Untracked |  0
| 105|0x0000000710000000, 0x0000000710000000, 0x0000000710200000|  0%| F|  |TAMS 0x0000000710000000| PB 0x0000000710000000| Untracked |  0
| 106|0x0000000710200000, 0x0000000710200000, 0x0000000710400000|  0%| F|  |TAMS 0x0000000710200000| PB 0x0000000710200000| Untracked |  0
| 107|0x0000000710400000, 0x0000000710400000, 0x0000000710600000|  0%| F|  |TAMS 0x0000000710400000| PB 0x0000000710400000| Untracked |  0
| 108|0x0000000710600000, 0x0000000710600000, 0x0000000710800000|  0%| F|  |TAMS 0x0000000710600000| PB 0x0000000710600000| Untracked |  0
| 109|0x0000000710800000, 0x0000000710800000, 0x0000000710a00000|  0%| F|  |TAMS 0x0000000710800000| PB 0x0000000710800000| Untracked |  0
| 110|0x0000000710a00000, 0x0000000710a00000, 0x0000000710c00000|  0%| F|  |TAMS 0x0000000710a00000| PB 0x0000000710a00000| Untracked |  0
| 111|0x0000000710c00000, 0x0000000710c00000, 0x0000000710e00000|  0%| F|  |TAMS 0x0000000710c00000| PB 0x0000000710c00000| Untracked |  0
| 112|0x0000000710e00000, 0x0000000710e00000, 0x0000000711000000|  0%| F|  |TAMS 0x0000000710e00000| PB 0x0000000710e00000| Untracked |  0
| 113|0x0000000711000000, 0x0000000711000000, 0x0000000711200000|  0%| F|  |TAMS 0x0000000711000000| PB 0x0000000711000000| Untracked |  0
| 114|0x0000000711200000, 0x0000000711200000, 0x0000000711400000|  0%| F|  |TAMS 0x0000000711200000| PB 0x0000000711200000| Untracked |  0
| 115|0x0000000711400000, 0x0000000711600000, 0x0000000711600000|100%| E|  |TAMS 0x0000000711400000| PB 0x0000000711400000| Complete |  0
| 116|0x0000000711600000, 0x0000000711800000, 0x0000000711800000|100%| E|CS|TAMS 0x0000000711600000| PB 0x0000000711600000| Complete |  0
| 117|0x0000000711800000, 0x0000000711a00000, 0x0000000711a00000|100%| E|CS|TAMS 0x0000000711800000| PB 0x0000000711800000| Complete |  0
| 118|0x0000000711a00000, 0x0000000711c00000, 0x0000000711c00000|100%| E|CS|TAMS 0x0000000711a00000| PB 0x0000000711a00000| Complete |  0
| 119|0x0000000711c00000, 0x0000000711e00000, 0x0000000711e00000|100%| E|CS|TAMS 0x0000000711c00000| PB 0x0000000711c00000| Complete |  0
| 120|0x0000000711e00000, 0x0000000712000000, 0x0000000712000000|100%| E|CS|TAMS 0x0000000711e00000| PB 0x0000000711e00000| Complete |  0
| 121|0x0000000712000000, 0x0000000712200000, 0x0000000712200000|100%| E|CS|TAMS 0x0000000712000000| PB 0x0000000712000000| Complete |  0
| 122|0x0000000712200000, 0x0000000712400000, 0x0000000712400000|100%| E|CS|TAMS 0x0000000712200000| PB 0x0000000712200000| Complete |  0
| 123|0x0000000712400000, 0x0000000712600000, 0x0000000712600000|100%| E|CS|TAMS 0x0000000712400000| PB 0x0000000712400000| Complete |  0
| 124|0x0000000712600000, 0x0000000712800000, 0x0000000712800000|100%| E|CS|TAMS 0x0000000712600000| PB 0x0000000712600000| Complete |  0
| 125|0x0000000712800000, 0x0000000712a00000, 0x0000000712a00000|100%| E|CS|TAMS 0x0000000712800000| PB 0x0000000712800000| Complete |  0
| 126|0x0000000712a00000, 0x0000000712c00000, 0x0000000712c00000|100%| E|CS|TAMS 0x0000000712a00000| PB 0x0000000712a00000| Complete |  0
|2024|0x00000007ffe00000, 0x00000007fff24e30, 0x0000000800000000| 57%| O|  |TAMS 0x00000007ffe00000| PB 0x00000007ffe00000| Untracked |  0

Card table byte_map: [0x0000024cfccf0000,0x0000024cfd4e0000] _byte_map_base: 0x0000024cf94d9000

Marking Bits: (CMBitMap*) 0x0000024cec72ea50
 Bits: [0x0000024c80000000, 0x0000024c83f48000)

Polling page: 0x0000024cebaa0000

Metaspace:
Metaspace        used 8557K, committed 8768K, reserved 1114112K
 class space     used 724K, committed 832K, reserved 1048576K

Usage:
  Non-class:      7.65 MB used.
      Class:    724.82 KB used.
       Both:      8.36 MB used.

Virtual space:
  Non-class space:       64.00 MB reserved,       7.75 MB ( 12%) committed,  1 nodes.
      Class space:        1.00 GB reserved,     832.00 KB ( <1%) committed,  1 nodes.
             Both:        1.06 GB reserved,       8.56 MB ( <1%) committed. 

Chunk freelists:
   Non-Class:  8.23 MB
       Class:  15.24 MB
        Both:  23.46 MB

MaxMetaspaceSize: unlimited
CompressedClassSpaceSize: 1.00 GB
Initial GC threshold: 21.00 MB
Current GC threshold: 21.00 MB
CDS: on
 - commit_granule_bytes: 65536.
 - commit_granule_words: 8192.
 - virtual_space_node_default_size: 8388608.
 - enlarge_chunks_in_place: 1.
UseCompressedClassPointers 1, UseCompactObjectHeaders 0
Narrow klass pointer bits 32, Max shift 3
Narrow klass base: 0x000000008b000000, Narrow klass shift: 0
Encoding Range: [0x000000008b000000 - 0x000000018b000000), (4294967296 bytes)
Klass Range:    [0x000000008b010000 - 0x00000000cc000000), (1090453504 bytes)
Klass ID Range:  [65536 - 1090519033) (1090453497)
Protection zone: [0x000000008b000000 - 0x000000008b010000), (65536 bytes)


Internal statistics:

num_allocs_failed_limit: 0.
num_arena_births: 52.
num_arena_deaths: 0.
num_vsnodes_births: 2.
num_vsnodes_deaths: 0.
num_space_committed: 137.
num_space_uncommitted: 0.
num_chunks_returned_to_freelist: 0.
num_chunks_taken_from_freelist: 71.
num_chunk_merges: 0.
num_chunk_splits: 44.
num_chunks_enlarged: 25.
num_inconsistent_stats: 0.

CodeHeap 'non-profiled nmethods': size=120064Kb used=434Kb max_used=434Kb free=119629Kb
 bounds [0x0000024cf4330000, 0x0000024cf45a0000, 0x0000024cfb870000]
CodeHeap 'profiled nmethods': size=120000Kb used=2035Kb max_used=2035Kb free=117964Kb
 bounds [0x0000024cec870000, 0x0000024cecae0000, 0x0000024cf3da0000]
CodeHeap 'non-nmethods': size=5696Kb used=1366Kb max_used=1413Kb free=4329Kb
 bounds [0x0000024cf3da0000, 0x0000024cf4010000, 0x0000024cf4330000]
CodeCache: size=245760Kb, used=3835Kb, max_used=3882Kb, free=241922Kb
 total_blobs=1999, nmethods=1505, adapters=398, full_count=0
Compilation: enabled, stopped_count=0, restarted_count=0

Compilation events (20 events):
Event: 0.567 Thread 0x0000024c84129f40 nmethod 1387 0x0000024cf4396588 code [0x0000024cf4396680, 0x0000024cf4396748]
Event: 0.567 Thread 0x0000024c84129f40 1326       1       java.lang.invoke.MethodType::rtype (5 bytes)
Event: 0.567 Thread 0x0000024c84129f40 nmethod 1326 0x0000024cf4396888 code [0x0000024cf4396980, 0x0000024cf4396a48]
Event: 0.567 Thread 0x0000024c84129f40 1331       1       jdk.internal.classfile.impl.UnboundAttribute$UnboundExceptionsAttribute::exceptions (5 bytes)
Event: 0.567 Thread 0x0000024c84129f40 nmethod 1331 0x0000024cf4396b88 code [0x0000024cf4396c80, 0x0000024cf4396d48]
Event: 0.568 Thread 0x0000024c84129f40 1507       1       jdk.jfr.internal.periodic.EventTask::getEventType (5 bytes)
Event: 0.568 Thread 0x0000024c84129f40 nmethod 1507 0x0000024cf4396e88 code [0x0000024cf4396f80, 0x0000024cf4397048]
Event: 0.568 Thread 0x0000024c84129f40 1508       1       jdk.jfr.internal.periodic.PeriodicTask::getPeriod (5 bytes)
Event: 0.568 Thread 0x0000024c84129f40 nmethod 1508 0x0000024cf4397188 code [0x0000024cf4397280, 0x0000024cf4397348]
Event: 0.569 Thread 0x0000024c84128f20 nmethod 1475 0x0000024cf4397488 code [0x0000024cf4397580, 0x0000024cf4397b10]
Event: 0.569 Thread 0x0000024c84128f20 1487       4       java.util.AbstractCollection::<init> (5 bytes)
Event: 0.570 Thread 0x0000024c84128f20 nmethod 1487 0x0000024cf4397b88 code [0x0000024cf4397c80, 0x0000024cf4397cf8]
Event: 0.570 Thread 0x0000024c84128f20 1470  s    4       java.io.DataOutputStream::write (14 bytes)
Event: 0.571 Thread 0x0000024c8412dfc0 nmethod 1472 0x0000024cf4397e88 code [0x0000024cf4397f80, 0x0000024cf4399fd0]
Event: 0.571 Thread 0x0000024c8412dfc0 1471       4       jdk.jfr.internal.MetadataWriter::writeInt (148 bytes)
Event: 0.573 Thread 0x0000024c84128f20 nmethod 1470 0x0000024cf439a008 code [0x0000024cf439a100, 0x0000024cf439a950]
Event: 0.573 Thread 0x0000024c84128f20 1457       4       java.util.HashMap::afterNodeAccess (1 bytes)
Event: 0.573 Thread 0x0000024c84128f20 nmethod 1457 0x0000024cf439a988 code [0x0000024cf439aa80, 0x0000024cf439aaf8]
Event: 0.576 Thread 0x0000024c8412dfc0 nmethod 1471 0x0000024cf439ac88 code [0x0000024cf439ad80, 0x0000024cf439b950]
Event: 0.581 Thread 0x0000024c8411d540 nmethod 1458 0x0000024cf439b988 code [0x0000024cf439ba80, 0x0000024cf439c868]

GC Heap Usage History (0 events):
No events

Metaspace Usage History (0 events):
No events

Dll operation events (9 events):
Event: 0.077 Loaded shared library C:\Users\mataules\.jdks\openjdk-25\bin\java.dll
Event: 0.079 Loaded shared library C:\Users\mataules\.jdks\openjdk-25\bin\zip.dll
Event: 0.140 Loaded shared library C:\Users\mataules\.jdks\openjdk-25\bin\instrument.dll
Event: 0.163 Loaded shared library C:\Users\mataules\.jdks\openjdk-25\bin\verify.dll
Event: 0.206 Loaded shared library C:\Users\mataules\.jdks\openjdk-25\bin\net.dll
Event: 0.208 Loaded shared library C:\Users\mataules\.jdks\openjdk-25\bin\nio.dll
Event: 0.224 Loaded shared library C:\Users\mataules\.jdks\openjdk-25\bin\zip.dll
Event: 0.263 Loaded shared library C:\Users\mataules\.jdks\openjdk-25\bin\extnet.dll
Event: 0.301 Loaded shared library C:\Users\mataules\.jdks\openjdk-25\bin\jimage.dll

Deoptimization events (20 events):
Event: 0.440 Thread 0x0000024ce318e5e0 Uncommon trap: trap_request=0xffffff3d fr.pc=0x0000024cf4369748 relative=0x00000000000007a8
Event: 0.440 Thread 0x0000024ce318e5e0 Uncommon trap: reason=unstable_fused_if action=reinterpret pc=0x0000024cf4369748 method=java.util.HashMap.resize()[Ljava/util/HashMap$Node; @ 31 c2
Event: 0.440 Thread 0x0000024ce318e5e0 DEOPT PACKING pc=0x0000024cf4369748 sp=0x0000007a03afc750
Event: 0.440 Thread 0x0000024ce318e5e0 DEOPT UNPACKING pc=0x0000024cf3ebf882 sp=0x0000007a03afc6c8 mode 2
Event: 0.458 Thread 0x0000024ce318e5e0 Uncommon trap: trap_request=0xffffffde fr.pc=0x0000024cf4344368 relative=0x0000000000000568
Event: 0.458 Thread 0x0000024ce318e5e0 Uncommon trap: reason=class_check action=maybe_recompile pc=0x0000024cf4344368 method=java.util.HashMap.putVal(ILjava/lang/Object;Ljava/lang/Object;ZZ)Ljava/lang/Object; @ 253 c2
Event: 0.458 Thread 0x0000024ce318e5e0 DEOPT PACKING pc=0x0000024cf4344368 sp=0x0000007a03afd920
Event: 0.458 Thread 0x0000024ce318e5e0 DEOPT UNPACKING pc=0x0000024cf3ebf882 sp=0x0000007a03afd8c0 mode 2
Event: 0.461 Thread 0x0000024ce318e5e0 Uncommon trap: trap_request=0xffffffde fr.pc=0x0000024cf4344368 relative=0x0000000000000568
Event: 0.461 Thread 0x0000024ce318e5e0 Uncommon trap: reason=class_check action=maybe_recompile pc=0x0000024cf4344368 method=java.util.HashMap.putVal(ILjava/lang/Object;Ljava/lang/Object;ZZ)Ljava/lang/Object; @ 253 c2
Event: 0.461 Thread 0x0000024ce318e5e0 DEOPT PACKING pc=0x0000024cf4344368 sp=0x0000007a03afd810
Event: 0.461 Thread 0x0000024ce318e5e0 DEOPT UNPACKING pc=0x0000024cf3ebf882 sp=0x0000007a03afd7b0 mode 2
Event: 0.462 Thread 0x0000024ce318e5e0 Uncommon trap: trap_request=0xffffffde fr.pc=0x0000024cf437820c relative=0x0000000000000d0c
Event: 0.462 Thread 0x0000024ce318e5e0 Uncommon trap: reason=class_check action=maybe_recompile pc=0x0000024cf437820c method=java.util.HashMap.putVal(ILjava/lang/Object;Ljava/lang/Object;ZZ)Ljava/lang/Object; @ 253 c2
Event: 0.462 Thread 0x0000024ce318e5e0 DEOPT PACKING pc=0x0000024cf437820c sp=0x0000007a03afd8a0
Event: 0.462 Thread 0x0000024ce318e5e0 DEOPT UNPACKING pc=0x0000024cf3ebf882 sp=0x0000007a03afd7e8 mode 2
Event: 0.497 Thread 0x0000024ce318e5e0 Uncommon trap: trap_request=0xffffffcc fr.pc=0x0000024cf438221c relative=0x000000000000029c
Event: 0.497 Thread 0x0000024ce318e5e0 Uncommon trap: reason=intrinsic_or_type_checked_inlining action=make_not_entrant pc=0x0000024cf438221c method=java.util.Arrays.copyOf([Ljava/lang/Object;ILjava/lang/Class;)[Ljava/lang/Object; @ 35 c2
Event: 0.497 Thread 0x0000024ce318e5e0 DEOPT PACKING pc=0x0000024cf438221c sp=0x0000007a03afdc80
Event: 0.497 Thread 0x0000024ce318e5e0 DEOPT UNPACKING pc=0x0000024cf3ebf882 sp=0x0000007a03afdc38 mode 2

Classes loaded (20 events):
Event: 0.558 Loading class jdk/jfr/internal/SettingsManager$InternalSetting
Event: 0.558 Loading class jdk/jfr/internal/SettingsManager$InternalSetting done
Event: 0.560 Loading class jdk/jfr/internal/util/Rate
Event: 0.560 Loading class jdk/jfr/internal/util/Rate done
Event: 0.560 Loading class jdk/jfr/internal/util/TimespanUnit
Event: 0.560 Loading class jdk/jfr/internal/util/TimespanUnit done
Event: 0.560 Loading class jdk/jfr/internal/util/ValueParser
Event: 0.560 Loading class jdk/jfr/internal/util/ValueParser done
Event: 0.561 Loading class jdk/jfr/internal/util/TimespanRate
Event: 0.561 Loading class jdk/jfr/internal/util/TimespanRate done
Event: 0.563 Loading class java/util/TreeSet
Event: 0.563 Loading class java/util/TreeSet done
Event: 0.563 Loading class java/util/TreeMap
Event: 0.563 Loading class java/util/TreeMap done
Event: 0.564 Loading class java/util/TreeMap$KeySet
Event: 0.564 Loading class java/util/TreeMap$KeySet done
Event: 0.564 Loading class java/util/TreeMap$KeyIterator
Event: 0.564 Loading class java/util/TreeMap$KeyIterator done
Event: 0.565 Loading class jdk/jfr/internal/periodic/PeriodicType
Event: 0.565 Loading class jdk/jfr/internal/periodic/PeriodicType done

Classes unloaded (0 events):
No events

Classes redefined (1 events):
Event: 0.180 Thread 0x0000024c840ed480 redefined class name=java.lang.Throwable, count=1

Internal exceptions (16 events):
Event: 0.141 Thread 0x0000024ce318e5e0 Exception <a 'java/lang/NoSuchMethodError'{0x0000000712928240}: 'void java.lang.invoke.DirectMethodHandle$Holder.invokeStatic(java.lang.Object, java.lang.Object, java.lang.Object)'> (0x0000000712928240) 
thrown [s\open\src\hotspot\share\interpreter\linkResolver.cpp, line 804]
Event: 0.147 Thread 0x0000024ce318e5e0 Exception <a 'java/lang/NoSuchMethodError'{0x000000071295d0d8}: 'java.lang.Object java.lang.invoke.Invokers$Holder.invokeExact_MT(java.lang.Object, java.lang.Object, java.lang.Object, java.lang.Object, java.lang.Object)'> (0x000000071295d0d8) 
thrown [s\open\src\hotspot\share\interpreter\linkResolver.cpp, line 804]
Event: 0.261 Thread 0x0000024c846db310 Exception <a 'java/lang/NoSuchMethodError'{0x00000007125dfe08}: 'java.lang.Object java.lang.invoke.DirectMethodHandle$Holder.invokeStaticInit(java.lang.Object)'> (0x00000007125dfe08) 
thrown [s\open\src\hotspot\share\interpreter\linkResolver.cpp, line 804]
Event: 0.265 Thread 0x0000024c846db310 Exception <a 'java/lang/NoSuchMethodError'{0x00000007125eb928}: 'void java.lang.invoke.DirectMethodHandle$Holder.invokeStatic(java.lang.Object, java.lang.Object)'> (0x00000007125eb928) 
thrown [s\open\src\hotspot\share\interpreter\linkResolver.cpp, line 804]
Event: 0.321 Thread 0x0000024ce318e5e0 Exception <a 'java/lang/NoSuchMethodError'{0x00000007120fda30}: 'java.lang.Object java.lang.invoke.DirectMethodHandle$Holder.invokeStatic(java.lang.Object, int, java.lang.Object)'> (0x00000007120fda30) 
thrown [s\open\src\hotspot\share\interpreter\linkResolver.cpp, line 804]
Event: 0.348 Thread 0x0000024ce318e5e0 Exception <a 'java/lang/NoSuchMethodError'{0x00000007121aeda0}: 'void java.lang.invoke.DirectMethodHandle$Holder.invokeStaticInit(java.lang.Object)'> (0x00000007121aeda0) 
thrown [s\open\src\hotspot\share\interpreter\linkResolver.cpp, line 804]
Event: 0.363 Thread 0x0000024ce318e5e0 Exception <a 'java/lang/NoSuchMethodError'{0x0000000711e68730}: 'void java.lang.invoke.DirectMethodHandle$Holder.invokeSpecial(java.lang.Object, java.lang.Object, java.lang.Object)'> (0x0000000711e68730) 
thrown [s\open\src\hotspot\share\interpreter\linkResolver.cpp, line 804]
Event: 0.375 Thread 0x0000024ce318e5e0 Exception <a 'java/lang/NoSuchMethodError'{0x0000000711ee5eb0}: 'java.lang.Object java.lang.invoke.DirectMethodHandle$Holder.newInvokeSpecial(java.lang.Object, java.lang.Object, java.lang.Object, java.lang.Object, java.lang.Object)'> (0x0000000711ee5eb0) 
thrown [s\open\src\hotspot\share\interpreter\linkResolver.cpp, line 804]
Event: 0.416 Thread 0x0000024ce318e5e0 Exception <a 'java/lang/NoSuchMethodError'{0x0000000711c8ffc0}: 'long java.lang.invoke.DirectMethodHandle$Holder.invokeVirtual(java.lang.Object, java.lang.Object)'> (0x0000000711c8ffc0) 
thrown [s\open\src\hotspot\share\interpreter\linkResolver.cpp, line 804]
Event: 0.418 Thread 0x0000024ce318e5e0 Exception <a 'java/lang/NoSuchMethodError'{0x0000000711ca0e08}: 'int java.lang.invoke.DirectMethodHandle$Holder.invokeStatic(java.lang.Object, java.lang.Object, java.lang.Object, java.lang.Object)'> (0x0000000711ca0e08) 
thrown [s\open\src\hotspot\share\interpreter\linkResolver.cpp, line 804]
Event: 0.517 Thread 0x0000024ce318e5e0 Exception <a 'java/lang/NoSuchMethodError'{0x00000007118f4c00}: 'void java.lang.invoke.DirectMethodHandle$Holder.invokeSpecial(java.lang.Object, java.lang.Object, int)'> (0x00000007118f4c00) 
thrown [s\open\src\hotspot\share\interpreter\linkResolver.cpp, line 804]
Event: 0.518 Thread 0x0000024ce318e5e0 Exception <a 'java/lang/NoSuchMethodError'{0x00000007118fd550}: 'void java.lang.invoke.Invokers$Holder.invokeExact_MT(java.lang.Object, int, java.lang.Object)'> (0x00000007118fd550) 
thrown [s\open\src\hotspot\share\interpreter\linkResolver.cpp, line 804]
Event: 0.520 Thread 0x0000024c8a414c30 Exception <a 'java/lang/NoSuchMethodError'{0x00000007119edbf8}: 'long java.lang.invoke.DirectMethodHandle$Holder.invokeSpecial(java.lang.Object, java.lang.Object)'> (0x00000007119edbf8) 
thrown [s\open\src\hotspot\share\interpreter\linkResolver.cpp, line 804]
Event: 0.523 Thread 0x0000024ce318e5e0 Exception <a 'sun/nio/fs/WindowsException'{0x0000000711933400}> (0x0000000711933400) 
thrown [s\open\src\hotspot\share\prims\jni.cpp, line 516]
Event: 0.525 Thread 0x0000024ce318e5e0 Exception <a 'sun/nio/fs/WindowsException'{0x0000000711939230}> (0x0000000711939230) 
thrown [s\open\src\hotspot\share\prims\jni.cpp, line 516]
Event: 0.529 Thread 0x0000024ce318e5e0 Exception <a 'sun/nio/fs/WindowsException'{0x000000071193c5f0}> (0x000000071193c5f0) 
thrown [s\open\src\hotspot\share\prims\jni.cpp, line 516]

VM Operations (10 events):
Event: 0.180 Executing safepoint VM operation: RedefineClasses
Event: 0.181 Executing safepoint VM operation: RedefineClasses done
Event: 0.245 Executing non-safepoint VM operation: HandshakeAllThreads (Deoptimize)
Event: 0.245 Executing non-safepoint VM operation: HandshakeAllThreads (Deoptimize) done
Event: 0.271 Executing non-safepoint VM operation: HandshakeAllThreads (Deoptimize)
Event: 0.271 Executing non-safepoint VM operation: HandshakeAllThreads (Deoptimize) done
Event: 0.521 Executing non-safepoint VM operation: HandshakeAllThreads (Deoptimize)
Event: 0.521 Executing non-safepoint VM operation: HandshakeAllThreads (Deoptimize) done
Event: 0.556 Executing safepoint VM operation: JFRSafepointClear
Event: 0.556 Executing safepoint VM operation: JFRSafepointClear done

Memory protections (0 events):
No events

Nmethod flushes (0 events):
No events

Events (16 events):
Event: 0.090 Thread 0x0000024ce318e5e0 Thread added: 0x0000024ce318e5e0
Event: 0.099 Thread 0x0000024ce318e5e0 Thread added: 0x0000024c84101dd0
Event: 0.099 Thread 0x0000024ce318e5e0 Thread added: 0x0000024c84102830
Event: 0.100 Thread 0x0000024ce318e5e0 Thread added: 0x0000024c84106f80
Event: 0.100 Thread 0x0000024ce318e5e0 Thread added: 0x0000024c8410a530
Event: 0.100 Thread 0x0000024ce318e5e0 Thread added: 0x0000024c84112a40
Event: 0.100 Thread 0x0000024ce318e5e0 Thread added: 0x0000024c84116b40
Event: 0.100 Thread 0x0000024ce318e5e0 Thread added: 0x0000024c8411d540
Event: 0.100 Thread 0x0000024ce318e5e0 Thread added: 0x0000024c84129f40
Event: 0.157 Thread 0x0000024ce318e5e0 Thread added: 0x0000024c8433d620
Event: 0.182 Thread 0x0000024ce318e5e0 Thread added: 0x0000024c845f3380
Event: 0.227 Thread 0x0000024ce318e5e0 Thread added: 0x0000024c846db310
Event: 0.294 Thread 0x0000024c8411d540 Thread added: 0x0000024c84128f20
Event: 0.345 Thread 0x0000024ce318e5e0 Thread added: 0x0000024c8a1d89d0
Event: 0.415 Thread 0x0000024c84129f40 Thread added: 0x0000024c8412dfc0
Event: 0.520 Thread 0x0000024ce318e5e0 Thread added: 0x0000024c8a414c30


Dynamic libraries:
0x00007ff7c35b0000 - 0x00007ff7c35be000 	C:\Users\mataules\.jdks\openjdk-25\bin\java.exe
0x00007ffd12420000 - 0x00007ffd12686000 	C:\WINDOWS\SYSTEM32\ntdll.dll
0x00007ffd111c0000 - 0x00007ffd11289000 	C:\WINDOWS\System32\KERNEL32.DLL
0x00007ffd0f960000 - 0x00007ffd0fd2c000 	C:\WINDOWS\System32\KERNELBASE.dll
0x00007ffd0f660000 - 0x00007ffd0f7ab000 	C:\WINDOWS\System32\ucrtbase.dll
0x00007ffd00340000 - 0x00007ffd00357000 	C:\Users\mataules\.jdks\openjdk-25\bin\jli.dll
0x00007ffd00360000 - 0x00007ffd0037e000 	C:\Users\mataules\.jdks\openjdk-25\bin\VCRUNTIME140.dll
0x00007ffd117a0000 - 0x00007ffd1196a000 	C:\WINDOWS\System32\USER32.dll
0x00007ffcf2460000 - 0x00007ffcf26fa000 	C:\WINDOWS\WinSxS\amd64_microsoft.windows.common-controls_6595b64144ccf1df_6.0.26100.3912_none_3e07963ce335137e\COMCTL32.dll
0x00007ffd0f930000 - 0x00007ffd0f957000 	C:\WINDOWS\System32\win32u.dll
0x00007ffd12210000 - 0x00007ffd122b9000 	C:\WINDOWS\System32\msvcrt.dll
0x00007ffd11070000 - 0x00007ffd1109b000 	C:\WINDOWS\System32\GDI32.dll
0x00007ffd100a0000 - 0x00007ffd101d2000 	C:\WINDOWS\System32\gdi32full.dll
0x00007ffd0f5b0000 - 0x00007ffd0f653000 	C:\WINDOWS\System32\msvcp_win.dll
0x00007ffd11a10000 - 0x00007ffd11a40000 	C:\WINDOWS\System32\IMM32.DLL
0x00007ffd0c300000 - 0x00007ffd0c30c000 	C:\Users\mataules\.jdks\openjdk-25\bin\vcruntime140_1.dll
0x00007ffcfcea0000 - 0x00007ffcfcf2d000 	C:\Users\mataules\.jdks\openjdk-25\bin\msvcp140.dll
0x00007ffc5e070000 - 0x00007ffc5eecf000 	C:\Users\mataules\.jdks\openjdk-25\bin\server\jvm.dll
0x00007ffd10f30000 - 0x00007ffd10fe2000 	C:\WINDOWS\System32\ADVAPI32.dll
0x00007ffd11110000 - 0x00007ffd111b6000 	C:\WINDOWS\System32\sechost.dll
0x00007ffd122c0000 - 0x00007ffd123d6000 	C:\WINDOWS\System32\RPCRT4.dll
0x00007ffd11410000 - 0x00007ffd11484000 	C:\WINDOWS\System32\WS2_32.dll
0x00007ffd0f400000 - 0x00007ffd0f45e000 	C:\WINDOWS\SYSTEM32\POWRPROF.dll
0x00007ffcf91c0000 - 0x00007ffcf91f6000 	C:\WINDOWS\SYSTEM32\WINMM.dll
0x00007ffd09de0000 - 0x00007ffd09deb000 	C:\WINDOWS\SYSTEM32\VERSION.dll
0x00007ffd0f3e0000 - 0x00007ffd0f3f4000 	C:\WINDOWS\SYSTEM32\UMPDC.dll
0x00007ffd0e330000 - 0x00007ffd0e34a000 	C:\WINDOWS\SYSTEM32\kernel.appcore.dll
0x00007ffd0a020000 - 0x00007ffd0a02a000 	C:\Users\mataules\.jdks\openjdk-25\bin\jimage.dll
0x00007ffcf2cf0000 - 0x00007ffcf2f31000 	C:\WINDOWS\SYSTEM32\DBGHELP.DLL
0x00007ffd11e80000 - 0x00007ffd12204000 	C:\WINDOWS\System32\combase.dll
0x00007ffd114a0000 - 0x00007ffd11580000 	C:\WINDOWS\System32\OLEAUT32.dll
0x00007ffcf56f0000 - 0x00007ffcf5729000 	C:\WINDOWS\SYSTEM32\dbgcore.DLL
0x00007ffd0ff40000 - 0x00007ffd0ffd9000 	C:\WINDOWS\System32\bcryptPrimitives.dll
0x00007ffd0c490000 - 0x00007ffd0c4a0000 	C:\Users\mataules\.jdks\openjdk-25\bin\instrument.dll
0x00007ffcfce80000 - 0x00007ffcfce9f000 	C:\Users\mataules\.jdks\openjdk-25\bin\java.dll
0x00007ffd11590000 - 0x00007ffd1172f000 	C:\WINDOWS\System32\ole32.dll
0x00007ffd106a0000 - 0x00007ffd10dcd000 	C:\WINDOWS\System32\SHELL32.dll
0x00007ffd0f7b0000 - 0x00007ffd0f924000 	C:\WINDOWS\System32\wintypes.dll
0x00007ffcbabc0000 - 0x00007ffcbadb8000 	C:\Users\mataules\AppData\Local\Temp\idea_libasyncProfiler_dll_temp_folder\libasyncProfiler.dll
0x00007ffcf8430000 - 0x00007ffcf8447000 	C:\Users\mataules\.jdks\openjdk-25\bin\zip.dll
0x00007ffd0d200000 - 0x00007ffd0da56000 	C:\WINDOWS\SYSTEM32\windows.storage.dll
0x00007ffd10de0000 - 0x00007ffd10ecf000 	C:\WINDOWS\System32\SHCORE.dll
0x00007ffd110a0000 - 0x00007ffd11109000 	C:\WINDOWS\System32\shlwapi.dll
0x00007ffd0f4c0000 - 0x00007ffd0f4ef000 	C:\WINDOWS\SYSTEM32\profapi.dll
0x00007ffd00330000 - 0x00007ffd00340000 	C:\Users\mataules\.jdks\openjdk-25\bin\verify.dll
0x00007ffcf8470000 - 0x00007ffcf8482000 	C:\Users\mataules\.jdks\openjdk-25\bin\net.dll
0x00007ffd0e880000 - 0x00007ffd0e8ea000 	C:\WINDOWS\system32\mswsock.dll
0x00007ffcf8450000 - 0x00007ffcf8466000 	C:\Users\mataules\.jdks\openjdk-25\bin\nio.dll
0x00007ffd05ed0000 - 0x00007ffd05ed9000 	C:\Users\mataules\.jdks\openjdk-25\bin\extnet.dll

JVMTI agents:
C:\Users\mataules\AppData\Local\JetBrains\IntelliJIdea2025.1\captureAgent\debugger-agent.jar path:C:\Users\mataules\.jdks\openjdk-25\bin\instrument.dll, loaded, initialized, instrumentlib options:file:///C:/Users/mataules/AppData/Local/Temp/capture18353821932421120860.props
C:\Program Files\JetBrains\IntelliJ IDEA 2025.1.2\lib\idea_rt.jar path:C:\Users\mataules\.jdks\openjdk-25\bin\instrument.dll, loaded, initialized, instrumentlib options:56089
C:\Users\mataules\AppData\Local\Temp\idea_libasyncProfiler_dll_temp_folder\libasyncProfiler.dll path:C:\Users\mataules\AppData\Local\Temp\idea_libasyncProfiler_dll_temp_folder\libasyncProfiler.dll, loaded, initialized, options:start,jfr,event=wall,interval=10ms,jfrsync=profile,cstack=no,file=C:\Users\mataules\IdeaSnapshots\RunCucumberTest__1__2025_09_25_082527.jfr,dbghelppath=C:\Users\mataules\AppData\Local\Temp\idea_dbghelp_dll_temp_folder\dbghelp.dll,log=C:\Users\mataules\AppData\Local\Temp\RunCucumberTest__1__2025_09_25_082527.jfr.log.txt,logLevel=DEBUG

dbghelp: loaded successfully - version: 4.0.5 - missing functions: none
symbol engine: initialized successfully - sym options: 0x614 - pdb path: .;C:\Users\mataules\.jdks\openjdk-25\bin;C:\WINDOWS\SYSTEM32;C:\WINDOWS\WinSxS\amd64_microsoft.windows.common-controls_6595b64144ccf1df_6.0.26100.3912_none_3e07963ce335137e;C:\Users\mataules\.jdks\openjdk-25\bin\server;C:\Users\mataules\AppData\Local\Temp\idea_libasyncProfiler_dll_temp_folder

VM Arguments:
jvm_args: -javaagent:C:\Users\mataules\AppData\Local\JetBrains\IntelliJIdea2025.1\captureAgent\debugger-agent.jar=file:///C:/Users/mataules/AppData/Local/Temp/capture18353821932421120860.props -ea --enable-preview -DnodeNamesHandler=org.jetbrains.plugins.cucumber.java.run.CucumberTestTreeNodeManager -Didea.test.cyclic.buffer.size=1048576 -javaagent:C:\Program Files\JetBrains\IntelliJ IDEA 2025.1.2\lib\idea_rt.jar=56089 -Dkotlinx.coroutines.debug.enable.creation.stack.trace=false -Ddebugger.agent.enable.coroutines=true -Dkotlinx.coroutines.debug.enable.flows.stack.trace=true -Dkotlinx.coroutines.debug.enable.mutable.state.flows.stack.trace=true -agentpath:C:\Users\mataules\AppData\Local\Temp\idea_libasyncProfiler_dll_temp_folder\libasyncProfiler.dll=start,jfr,event=wall,interval=10ms,jfrsync=profile,cstack=no,file=C:\Users\mataules\IdeaSnapshots\RunCucumberTest__1__2025_09_25_082527.jfr,dbghelppath=C:\Users\mataules\AppData\Local\Temp\idea_dbghelp_dll_temp_folder\dbghelp.dll,log=C:\Users\mataules\AppData\Local\Temp\RunCucumberTest__1__2025_09_25_082527.jfr.log.txt,logLevel=DEBUG -Dfile.encoding=UTF-8 -Dsun.stdout.encoding=UTF-8 -Dsun.stderr.encoding=UTF-8 
java_command: com.intellij.rt.junit.JUnitStarter -ideVersion5 -junit4 runners.RunCucumberTest
java_class_path (initial): C:\Program Files\JetBrains\IntelliJ IDEA 2025.1.2\lib\idea_rt.jar;C:\Program Files\JetBrains\IntelliJ IDEA 2025.1.2\plugins\junit\lib\junit5-rt.jar;C:\Program Files\JetBrains\IntelliJ IDEA 2025.1.2\plugins\junit\lib\junit-rt.jar;C:\Users\mataules\IdeaProjects\semana2cucumber\out\test\semana2cucumber;C:\Users\mataules\.m2\repository\junit\junit\4.13.1\junit-4.13.1.jar;C:\Users\mataules\.m2\repository\org\hamcrest\hamcrest-core\1.3\hamcrest-core-1.3.jar;C:\Users\mataules\.m2\repository\io\cucumber\cucumber-junit\7.15.0\cucumber-junit-7.15.0.jar;C:\Users\mataules\.m2\repository\io\cucumber\cucumber-java\7.15.0\cucumber-java-7.15.0.jar;C:\Users\mataules\AppData\Roaming\JetBrains\IntelliJIdea2025.1\plugins\cucumber-java\lib\cucumber-jvmFormatter.jar
Launcher Type: SUN_STANDARD

[Global flags]
     intx CICompilerCount                          = 4                                         {product} {ergonomic}
     uint ConcGCThreads                            = 3                                         {product} {ergonomic}
     bool FlightRecorder                           = true                                      {product} {management}
     uint G1ConcRefinementThreads                  = 10                                        {product} {ergonomic}
   size_t G1HeapRegionSize                         = 2097152                                   {product} {ergonomic}
   size_t InitialHeapSize                          = 266338304                                 {product} {ergonomic}
   size_t MarkStackSize                            = 4194304                                   {product} {ergonomic}
   size_t MarkStackSizeMax                         = 536870912                                 {product} {ergonomic}
   size_t MaxHeapSize                              = 4246732800                                {product} {ergonomic}
   size_t MaxNewSize                               = 2548039680                                {product} {ergonomic}
   size_t MinHeapDeltaBytes                        = 2097152                                   {product} {ergonomic}
   size_t MinHeapSize                              = 8388608                                   {product} {ergonomic}
    uintx NonNMethodCodeHeapSize                   = 5832704                                {pd product} {ergonomic}
    uintx NonProfiledCodeHeapSize                  = 122945536                              {pd product} {ergonomic}
    uintx ProfiledCodeHeapSize                     = 122880000                              {pd product} {ergonomic}
    uintx ReservedCodeCacheSize                    = 251658240                              {pd product} {ergonomic}
     bool SegmentedCodeCache                       = true                                      {product} {ergonomic}
   size_t SoftMaxHeapSize                          = 4246732800                             {manageable} {ergonomic}
     bool UseCompressedOops                        = true                           {product lp64_product} {ergonomic}
     bool UseG1GC                                  = true                                      {product} {ergonomic}
     bool UseLargePagesIndividualAllocation        = false                                  {pd product} {ergonomic}

Logging:
Log output configuration:
 #0: stdout all=warning uptime,level,tags foldmultilines=false
 #1: stderr all=off uptime,level,tags foldmultilines=false

Release file:
<release file has not been read>
Environment Variables:
PATH=C:\Program Files (x86)\Common Files\Oracle\Java\java8path;C:\Program Files (x86)\Common Files\Oracle\Java\javapath;C:\Oracle\product\19.0.0\client_1\bin;C:\WINDOWS\system32;C:\WINDOWS;C:\WINDOWS\System32\Wbem;C:\WINDOWS\System32\WindowsPowerShell\v1.0\;C:\WINDOWS\System32\OpenSSH\;C:\Windows\CCM;C:\WINDOWS\CCM;C:\WINDOWS\CCM;C:\WINDOWS\CCM;C:\Program Files\MiKTeX\miktex\bin\x64\;C:\Program Files\swipl\bin;C:\Program Files\MATLAB\R2025a\bin;C:\Program Files\Wolfram Research\WolframScript\;C:\Program Files\Docker\Docker\resources\bin;C:\Users\mataules\AppData\Local\Microsoft\WindowsApps;C:\Users\mataules\AppData\Local\Programs\Microsoft VS Code\bin
USERNAME=mataules
OS=Windows_NT
PROCESSOR_IDENTIFIER=Intel64 Family 6 Model 165 Stepping 3, GenuineIntel
TMP=C:\Users\mataules\AppData\Local\Temp
TEMP=C:\Users\mataules\AppData\Local\Temp




Compilation memory statistics disabled.

Periodic native trim disabled

---------------  S Y S T E M  ---------------

OS:
 Windows 11 , 64 bit Build 26100 (10.0.26100.3912)
OS uptime: 0 days 1:23 hours
Hyper-V role detected

CPU: total 12 (initial active 12) (6 cores per cpu, 2 threads per core) family 6 model 165 stepping 3 microcode 0xe0, cx8, cmov, fxsr, ht, mmx, 3dnowpref, sse, sse2, sse3, ssse3, sse4.1, sse4.2, popcnt, lzcnt, tsc, tscinvbit, avx, avx2, aes, erms, clmul, bmi1, bmi2, adx, fma, vzeroupper, clflush, clflushopt, hv, rdtscp, f16c
Processor Information for the first 12 processors :
  Max Mhz: 2904, Current Mhz: 2904, Mhz Limit: 2904

Memory: 4k page, system-wide physical 16196M (5114M free)
TotalPageFile size 18628M (AvailPageFile size 3676M)
current process WorkingSet (physical memory assigned to process): 96M, peak: 96M
current process commit charge ("private bytes"): 402M, peak: 404M

vm_info: OpenJDK 64-Bit Server VM (25+36-3489) for windows-amd64 JRE (25+36-3489), built on 2025-08-12T17:19:28Z with unknown MS VC++:1943

END.
